<?xml version='1.0' encoding='UTF-8'?>
<!DOCTYPE coverage SYSTEM 'http://cobertura.sourceforge.net/xml/coverage-04.dtd'>
<coverage line-rate="0.8496309963099631" branch-rate="0.19795995466565924" lines-covered="921" lines-valid="1084" branches-covered="524" branches-valid="2647" complexity="0.0" timestamp="1648296759" version="gcovr 4.2">
  <sources>
    <source>.</source>
  </sources>
  <packages>
    <package name="Tests" line-rate="0.8969465648854962" branch-rate="0.1704152249134948" complexity="0.0">
      <classes>
        <class name="test_algos_cpp" filename="Tests/test_algos.cpp" line-rate="1.0" branch-rate="0.21052631578947367" complexity="0.0">
          <methods/>
          <lines>
            <line number="6" hits="16" branch="false"/>
            <line number="7" hits="4" branch="true" condition-coverage="50% (1/2)">
              <conditions>
                <condition number="0" type="jump" coverage="50%"/>
              </conditions>
            </line>
            <line number="8" hits="4" branch="true" condition-coverage="50% (1/2)">
              <conditions>
                <condition number="0" type="jump" coverage="50%"/>
              </conditions>
            </line>
            <line number="9" hits="4" branch="true" condition-coverage="50% (1/2)">
              <conditions>
                <condition number="0" type="jump" coverage="50%"/>
              </conditions>
            </line>
            <line number="11" hits="4" branch="false"/>
            <line number="12" hits="4" branch="false"/>
            <line number="14" hits="4" branch="true" condition-coverage="10% (1/10)">
              <conditions>
                <condition number="0" type="jump" coverage="10%"/>
              </conditions>
            </line>
            <line number="15" hits="4" branch="true" condition-coverage="20% (2/10)">
              <conditions>
                <condition number="0" type="jump" coverage="20%"/>
              </conditions>
            </line>
            <line number="17" hits="4" branch="true" condition-coverage="16% (2/12)">
              <conditions>
                <condition number="0" type="jump" coverage="16%"/>
              </conditions>
            </line>
            <line number="18" hits="4" branch="true" condition-coverage="16% (2/12)">
              <conditions>
                <condition number="0" type="jump" coverage="16%"/>
              </conditions>
            </line>
            <line number="20" hits="4" branch="false"/>
            <line number="22" hits="4" branch="true" condition-coverage="20% (2/10)">
              <conditions>
                <condition number="0" type="jump" coverage="20%"/>
              </conditions>
            </line>
            <line number="25" hits="16" branch="false"/>
            <line number="26" hits="2" branch="true" condition-coverage="50% (1/2)">
              <conditions>
                <condition number="0" type="jump" coverage="50%"/>
              </conditions>
            </line>
            <line number="27" hits="4" branch="true" condition-coverage="50% (1/2)">
              <conditions>
                <condition number="0" type="jump" coverage="50%"/>
              </conditions>
            </line>
            <line number="29" hits="16" branch="true" condition-coverage="10% (1/10)">
              <conditions>
                <condition number="0" type="jump" coverage="10%"/>
              </conditions>
            </line>
            <line number="30" hits="6" branch="true" condition-coverage="10% (1/10)">
              <conditions>
                <condition number="0" type="jump" coverage="10%"/>
              </conditions>
            </line>
            <line number="32" hits="16" branch="true" condition-coverage="10% (1/10)">
              <conditions>
                <condition number="0" type="jump" coverage="10%"/>
              </conditions>
            </line>
            <line number="33" hits="6" branch="true" condition-coverage="10% (1/10)">
              <conditions>
                <condition number="0" type="jump" coverage="10%"/>
              </conditions>
            </line>
            <line number="35" hits="12" branch="true" condition-coverage="10% (1/10)">
              <conditions>
                <condition number="0" type="jump" coverage="10%"/>
              </conditions>
            </line>
            <line number="36" hits="16" branch="true" condition-coverage="10% (1/10)">
              <conditions>
                <condition number="0" type="jump" coverage="10%"/>
              </conditions>
            </line>
            <line number="38" hits="4" branch="true" condition-coverage="20% (2/10)">
              <conditions>
                <condition number="0" type="jump" coverage="20%"/>
              </conditions>
            </line>
            <line number="39" hits="16" branch="true" condition-coverage="20% (2/10)">
              <conditions>
                <condition number="0" type="jump" coverage="20%"/>
              </conditions>
            </line>
            <line number="42" hits="4" branch="true" condition-coverage="50% (1/2)">
              <conditions>
                <condition number="0" type="jump" coverage="50%"/>
              </conditions>
            </line>
            <line number="43" hits="4" branch="true" condition-coverage="50% (1/2)">
              <conditions>
                <condition number="0" type="jump" coverage="50%"/>
              </conditions>
            </line>
            <line number="47" hits="4" branch="true" condition-coverage="10% (1/10)">
              <conditions>
                <condition number="0" type="jump" coverage="10%"/>
              </conditions>
            </line>
            <line number="48" hits="4" branch="true" condition-coverage="10% (1/10)">
              <conditions>
                <condition number="0" type="jump" coverage="10%"/>
              </conditions>
            </line>
            <line number="49" hits="4" branch="true" condition-coverage="20% (2/10)">
              <conditions>
                <condition number="0" type="jump" coverage="20%"/>
              </conditions>
            </line>
            <line number="53" hits="4" branch="true" condition-coverage="50% (1/2)">
              <conditions>
                <condition number="0" type="jump" coverage="50%"/>
              </conditions>
            </line>
            <line number="54" hits="4" branch="true" condition-coverage="50% (1/2)">
              <conditions>
                <condition number="0" type="jump" coverage="50%"/>
              </conditions>
            </line>
            <line number="55" hits="4" branch="true" condition-coverage="20% (2/10)">
              <conditions>
                <condition number="0" type="jump" coverage="20%"/>
              </conditions>
            </line>
            <line number="56" hits="4" branch="true" condition-coverage="20% (2/10)">
              <conditions>
                <condition number="0" type="jump" coverage="20%"/>
              </conditions>
            </line>
            <line number="60" hits="26" branch="false"/>
            <line number="61" hits="4" branch="true" condition-coverage="50% (1/2)">
              <conditions>
                <condition number="0" type="jump" coverage="50%"/>
              </conditions>
            </line>
            <line number="62" hits="4" branch="true" condition-coverage="50% (1/2)">
              <conditions>
                <condition number="0" type="jump" coverage="50%"/>
              </conditions>
            </line>
            <line number="66" hits="4" branch="true" condition-coverage="10% (1/10)">
              <conditions>
                <condition number="0" type="jump" coverage="10%"/>
              </conditions>
            </line>
            <line number="67" hits="4" branch="true" condition-coverage="10% (1/10)">
              <conditions>
                <condition number="0" type="jump" coverage="10%"/>
              </conditions>
            </line>
            <line number="68" hits="4" branch="true" condition-coverage="20% (2/10)">
              <conditions>
                <condition number="0" type="jump" coverage="20%"/>
              </conditions>
            </line>
            <line number="72" hits="4" branch="true" condition-coverage="50% (1/2)">
              <conditions>
                <condition number="0" type="jump" coverage="50%"/>
              </conditions>
            </line>
            <line number="73" hits="4" branch="true" condition-coverage="50% (1/2)">
              <conditions>
                <condition number="0" type="jump" coverage="50%"/>
              </conditions>
            </line>
            <line number="76" hits="4" branch="true" condition-coverage="10% (1/10)">
              <conditions>
                <condition number="0" type="jump" coverage="10%"/>
              </conditions>
            </line>
            <line number="77" hits="4" branch="true" condition-coverage="10% (1/10)">
              <conditions>
                <condition number="0" type="jump" coverage="10%"/>
              </conditions>
            </line>
            <line number="78" hits="4" branch="true" condition-coverage="20% (2/10)">
              <conditions>
                <condition number="0" type="jump" coverage="20%"/>
              </conditions>
            </line>
            <line number="82" hits="14" branch="true" condition-coverage="50% (1/2)">
              <conditions>
                <condition number="0" type="jump" coverage="50%"/>
              </conditions>
            </line>
            <line number="83" hits="16" branch="true" condition-coverage="50% (1/2)">
              <conditions>
                <condition number="0" type="jump" coverage="50%"/>
              </conditions>
            </line>
            <line number="86" hits="4" branch="true" condition-coverage="10% (1/10)">
              <conditions>
                <condition number="0" type="jump" coverage="10%"/>
              </conditions>
            </line>
            <line number="87" hits="4" branch="true" condition-coverage="10% (1/10)">
              <conditions>
                <condition number="0" type="jump" coverage="10%"/>
              </conditions>
            </line>
            <line number="88" hits="4" branch="true" condition-coverage="20% (2/10)">
              <conditions>
                <condition number="0" type="jump" coverage="20%"/>
              </conditions>
            </line>
            <line number="92" hits="4" branch="true" condition-coverage="50% (1/2)">
              <conditions>
                <condition number="0" type="jump" coverage="50%"/>
              </conditions>
            </line>
            <line number="93" hits="4" branch="true" condition-coverage="20% (2/10)">
              <conditions>
                <condition number="0" type="jump" coverage="20%"/>
              </conditions>
            </line>
            <line number="94" hits="4" branch="true" condition-coverage="16% (2/12)">
              <conditions>
                <condition number="0" type="jump" coverage="16%"/>
              </conditions>
            </line>
            <line number="95" hits="4" branch="true" condition-coverage="16% (2/12)">
              <conditions>
                <condition number="0" type="jump" coverage="16%"/>
              </conditions>
            </line>
            <line number="96" hits="4" branch="true" condition-coverage="16% (2/12)">
              <conditions>
                <condition number="0" type="jump" coverage="16%"/>
              </conditions>
            </line>
            <line number="97" hits="4" branch="true" condition-coverage="16% (2/12)">
              <conditions>
                <condition number="0" type="jump" coverage="16%"/>
              </conditions>
            </line>
            <line number="101" hits="4" branch="true" condition-coverage="50% (1/2)">
              <conditions>
                <condition number="0" type="jump" coverage="50%"/>
              </conditions>
            </line>
            <line number="102" hits="4" branch="true" condition-coverage="50% (1/2)">
              <conditions>
                <condition number="0" type="jump" coverage="50%"/>
              </conditions>
            </line>
            <line number="105" hits="4" branch="true" condition-coverage="50% (1/2)">
              <conditions>
                <condition number="0" type="jump" coverage="50%"/>
              </conditions>
            </line>
            <line number="106" hits="4" branch="true" condition-coverage="25% (4/16)">
              <conditions>
                <condition number="0" type="jump" coverage="25%"/>
              </conditions>
            </line>
            <line number="107" hits="4" branch="true" condition-coverage="10% (1/10)">
              <conditions>
                <condition number="0" type="jump" coverage="10%"/>
              </conditions>
            </line>
            <line number="108" hits="4" branch="true" condition-coverage="10% (1/10)">
              <conditions>
                <condition number="0" type="jump" coverage="10%"/>
              </conditions>
            </line>
            <line number="109" hits="4" branch="false"/>
            <line number="110" hits="4" branch="true" condition-coverage="21% (3/14)">
              <conditions>
                <condition number="0" type="jump" coverage="21%"/>
              </conditions>
            </line>
            <line number="114" hits="16" branch="false"/>
            <line number="115" hits="4" branch="true" condition-coverage="50% (1/2)">
              <conditions>
                <condition number="0" type="jump" coverage="50%"/>
              </conditions>
            </line>
            <line number="116" hits="4" branch="true" condition-coverage="50% (1/2)">
              <conditions>
                <condition number="0" type="jump" coverage="50%"/>
              </conditions>
            </line>
            <line number="117" hits="4" branch="false"/>
            <line number="120" hits="4" branch="true" condition-coverage="50% (1/2)">
              <conditions>
                <condition number="0" type="jump" coverage="50%"/>
              </conditions>
            </line>
            <line number="121" hits="4" branch="true" condition-coverage="20% (2/10)">
              <conditions>
                <condition number="0" type="jump" coverage="20%"/>
              </conditions>
            </line>
            <line number="122" hits="4" branch="true" condition-coverage="16% (2/12)">
              <conditions>
                <condition number="0" type="jump" coverage="16%"/>
              </conditions>
            </line>
            <line number="123" hits="4" branch="true" condition-coverage="16% (2/12)">
              <conditions>
                <condition number="0" type="jump" coverage="16%"/>
              </conditions>
            </line>
            <line number="124" hits="4" branch="true" condition-coverage="50% (2/4)">
              <conditions>
                <condition number="0" type="jump" coverage="50%"/>
              </conditions>
            </line>
            <line number="126" hits="4" branch="true" condition-coverage="16% (2/12)">
              <conditions>
                <condition number="0" type="jump" coverage="16%"/>
              </conditions>
            </line>
            <line number="127" hits="4" branch="true" condition-coverage="20% (2/10)">
              <conditions>
                <condition number="0" type="jump" coverage="20%"/>
              </conditions>
            </line>
            <line number="128" hits="4" branch="true" condition-coverage="16% (2/12)">
              <conditions>
                <condition number="0" type="jump" coverage="16%"/>
              </conditions>
            </line>
            <line number="132" hits="8" branch="true" condition-coverage="50% (3/6)">
              <conditions>
                <condition number="0" type="jump" coverage="50%"/>
              </conditions>
            </line>
            <line number="133" hits="4" branch="true" condition-coverage="16% (2/12)">
              <conditions>
                <condition number="0" type="jump" coverage="16%"/>
              </conditions>
            </line>
            <line number="137" hits="4" branch="true" condition-coverage="50% (1/2)">
              <conditions>
                <condition number="0" type="jump" coverage="50%"/>
              </conditions>
            </line>
            <line number="138" hits="4" branch="false"/>
            <line number="140" hits="4" branch="true" condition-coverage="50% (1/2)">
              <conditions>
                <condition number="0" type="jump" coverage="50%"/>
              </conditions>
            </line>
            <line number="141" hits="4" branch="true" condition-coverage="50% (1/2)">
              <conditions>
                <condition number="0" type="jump" coverage="50%"/>
              </conditions>
            </line>
            <line number="142" hits="4" branch="true" condition-coverage="50% (1/2)">
              <conditions>
                <condition number="0" type="jump" coverage="50%"/>
              </conditions>
            </line>
            <line number="144" hits="4" branch="true" condition-coverage="20% (2/10)">
              <conditions>
                <condition number="0" type="jump" coverage="20%"/>
              </conditions>
            </line>
            <line number="145" hits="4" branch="true" condition-coverage="20% (2/10)">
              <conditions>
                <condition number="0" type="jump" coverage="20%"/>
              </conditions>
            </line>
            <line number="146" hits="4" branch="true" condition-coverage="16% (2/12)">
              <conditions>
                <condition number="0" type="jump" coverage="16%"/>
              </conditions>
            </line>
            <line number="147" hits="4" branch="true" condition-coverage="20% (2/10)">
              <conditions>
                <condition number="0" type="jump" coverage="20%"/>
              </conditions>
            </line>
            <line number="151" hits="16" branch="false"/>
            <line number="152" hits="4" branch="true" condition-coverage="50% (1/2)">
              <conditions>
                <condition number="0" type="jump" coverage="50%"/>
              </conditions>
            </line>
            <line number="153" hits="4" branch="true" condition-coverage="50% (1/2)">
              <conditions>
                <condition number="0" type="jump" coverage="50%"/>
              </conditions>
            </line>
            <line number="154" hits="4" branch="true" condition-coverage="50% (1/2)">
              <conditions>
                <condition number="0" type="jump" coverage="50%"/>
              </conditions>
            </line>
            <line number="155" hits="4" branch="false"/>
            <line number="156" hits="4" branch="false"/>
            <line number="158" hits="4" branch="true" condition-coverage="50% (1/2)">
              <conditions>
                <condition number="0" type="jump" coverage="50%"/>
              </conditions>
            </line>
            <line number="159" hits="4" branch="true" condition-coverage="16% (2/12)">
              <conditions>
                <condition number="0" type="jump" coverage="16%"/>
              </conditions>
            </line>
            <line number="163" hits="4" branch="true" condition-coverage="50% (1/2)">
              <conditions>
                <condition number="0" type="jump" coverage="50%"/>
              </conditions>
            </line>
            <line number="164" hits="4" branch="true" condition-coverage="16% (2/12)">
              <conditions>
                <condition number="0" type="jump" coverage="16%"/>
              </conditions>
            </line>
            <line number="165" hits="4" branch="true" condition-coverage="16% (2/12)">
              <conditions>
                <condition number="0" type="jump" coverage="16%"/>
              </conditions>
            </line>
            <line number="169" hits="4" branch="true" condition-coverage="50% (1/2)">
              <conditions>
                <condition number="0" type="jump" coverage="50%"/>
              </conditions>
            </line>
            <line number="170" hits="4" branch="true" condition-coverage="16% (2/12)">
              <conditions>
                <condition number="0" type="jump" coverage="16%"/>
              </conditions>
            </line>
            <line number="174" hits="4" branch="true" condition-coverage="50% (1/2)">
              <conditions>
                <condition number="0" type="jump" coverage="50%"/>
              </conditions>
            </line>
            <line number="175" hits="4" branch="true" condition-coverage="16% (2/12)">
              <conditions>
                <condition number="0" type="jump" coverage="16%"/>
              </conditions>
            </line>
            <line number="179" hits="4" branch="true" condition-coverage="50% (1/2)">
              <conditions>
                <condition number="0" type="jump" coverage="50%"/>
              </conditions>
            </line>
            <line number="180" hits="4" branch="true" condition-coverage="16% (2/12)">
              <conditions>
                <condition number="0" type="jump" coverage="16%"/>
              </conditions>
            </line>
            <line number="184" hits="16" branch="false"/>
            <line number="185" hits="4" branch="true" condition-coverage="50% (1/2)">
              <conditions>
                <condition number="0" type="jump" coverage="50%"/>
              </conditions>
            </line>
            <line number="186" hits="4" branch="false"/>
            <line number="188" hits="4" branch="true" condition-coverage="50% (1/2)">
              <conditions>
                <condition number="0" type="jump" coverage="50%"/>
              </conditions>
            </line>
            <line number="189" hits="4" branch="true" condition-coverage="16% (2/12)">
              <conditions>
                <condition number="0" type="jump" coverage="16%"/>
              </conditions>
            </line>
            <line number="190" hits="4" branch="true" condition-coverage="50% (1/2)">
              <conditions>
                <condition number="0" type="jump" coverage="50%"/>
              </conditions>
            </line>
            <line number="191" hits="4" branch="true" condition-coverage="16% (2/12)">
              <conditions>
                <condition number="0" type="jump" coverage="16%"/>
              </conditions>
            </line>
            <line number="193" hits="4" branch="true" condition-coverage="50% (1/2)">
              <conditions>
                <condition number="0" type="jump" coverage="50%"/>
              </conditions>
            </line>
            <line number="194" hits="4" branch="true" condition-coverage="20% (2/10)">
              <conditions>
                <condition number="0" type="jump" coverage="20%"/>
              </conditions>
            </line>
            <line number="195" hits="4" branch="true" condition-coverage="10% (1/10)">
              <conditions>
                <condition number="0" type="jump" coverage="10%"/>
              </conditions>
            </line>
            <line number="196" hits="4" branch="true" condition-coverage="20% (2/10)">
              <conditions>
                <condition number="0" type="jump" coverage="20%"/>
              </conditions>
            </line>
            <line number="198" hits="4" branch="true" condition-coverage="25% (4/16)">
              <conditions>
                <condition number="0" type="jump" coverage="25%"/>
              </conditions>
            </line>
            <line number="201" hits="16" branch="false"/>
            <line number="203" hits="4" branch="true" condition-coverage="50% (1/2)">
              <conditions>
                <condition number="0" type="jump" coverage="50%"/>
              </conditions>
            </line>
            <line number="204" hits="4" branch="true" condition-coverage="50% (3/6)">
              <conditions>
                <condition number="0" type="jump" coverage="50%"/>
              </conditions>
            </line>
            <line number="205" hits="4" branch="true" condition-coverage="16% (2/12)">
              <conditions>
                <condition number="0" type="jump" coverage="16%"/>
              </conditions>
            </line>
            <line number="209" hits="4" branch="true" condition-coverage="50% (3/6)">
              <conditions>
                <condition number="0" type="jump" coverage="50%"/>
              </conditions>
            </line>
            <line number="210" hits="4" branch="true" condition-coverage="16% (2/12)">
              <conditions>
                <condition number="0" type="jump" coverage="16%"/>
              </conditions>
            </line>
            <line number="213" hits="40" branch="false"/>
            <line number="214" hits="44" branch="false"/>
            <line number="216" hits="4" branch="true" condition-coverage="50% (1/2)">
              <conditions>
                <condition number="0" type="jump" coverage="50%"/>
              </conditions>
            </line>
            <line number="217" hits="4" branch="true" condition-coverage="50% (2/4)">
              <conditions>
                <condition number="0" type="jump" coverage="50%"/>
              </conditions>
            </line>
            <line number="218" hits="4" branch="true" condition-coverage="16% (2/12)">
              <conditions>
                <condition number="0" type="jump" coverage="16%"/>
              </conditions>
            </line>
            <line number="222" hits="4" branch="true" condition-coverage="50% (2/4)">
              <conditions>
                <condition number="0" type="jump" coverage="50%"/>
              </conditions>
            </line>
            <line number="223" hits="4" branch="true" condition-coverage="16% (2/12)">
              <conditions>
                <condition number="0" type="jump" coverage="16%"/>
              </conditions>
            </line>
            <line number="227" hits="4" branch="true" condition-coverage="50% (2/4)">
              <conditions>
                <condition number="0" type="jump" coverage="50%"/>
              </conditions>
            </line>
            <line number="228" hits="4" branch="true" condition-coverage="16% (2/12)">
              <conditions>
                <condition number="0" type="jump" coverage="16%"/>
              </conditions>
            </line>
            <line number="232" hits="16" branch="false"/>
            <line number="233" hits="10" branch="false"/>
            <line number="234" hits="82" branch="false"/>
            <line number="237" hits="4" branch="true" condition-coverage="50% (1/2)">
              <conditions>
                <condition number="0" type="jump" coverage="50%"/>
              </conditions>
            </line>
            <line number="239" hits="4" branch="false"/>
            <line number="240" hits="4" branch="true" condition-coverage="16% (2/12)">
              <conditions>
                <condition number="0" type="jump" coverage="16%"/>
              </conditions>
            </line>
            <line number="242" hits="4" branch="true" condition-coverage="50% (1/2)">
              <conditions>
                <condition number="0" type="jump" coverage="50%"/>
              </conditions>
            </line>
            <line number="243" hits="4" branch="true" condition-coverage="10% (1/10)">
              <conditions>
                <condition number="0" type="jump" coverage="10%"/>
              </conditions>
            </line>
            <line number="244" hits="4" branch="true" condition-coverage="10% (1/10)">
              <conditions>
                <condition number="0" type="jump" coverage="10%"/>
              </conditions>
            </line>
            <line number="246" hits="4" branch="true" condition-coverage="16% (2/12)">
              <conditions>
                <condition number="0" type="jump" coverage="16%"/>
              </conditions>
            </line>
            <line number="248" hits="4" branch="true" condition-coverage="50% (1/2)">
              <conditions>
                <condition number="0" type="jump" coverage="50%"/>
              </conditions>
            </line>
            <line number="249" hits="4" branch="true" condition-coverage="16% (2/12)">
              <conditions>
                <condition number="0" type="jump" coverage="16%"/>
              </conditions>
            </line>
            <line number="250" hits="4" branch="true" condition-coverage="16% (2/12)">
              <conditions>
                <condition number="0" type="jump" coverage="16%"/>
              </conditions>
            </line>
            <line number="254" hits="8" branch="true" condition-coverage="50% (2/4)">
              <conditions>
                <condition number="0" type="jump" coverage="50%"/>
              </conditions>
            </line>
            <line number="255" hits="4" branch="true" condition-coverage="16% (2/12)">
              <conditions>
                <condition number="0" type="jump" coverage="16%"/>
              </conditions>
            </line>
            <line number="256" hits="4" branch="true" condition-coverage="16% (2/12)">
              <conditions>
                <condition number="0" type="jump" coverage="16%"/>
              </conditions>
            </line>
            <line number="260" hits="16" branch="false"/>
            <line number="262" hits="4" branch="true" condition-coverage="50% (1/2)">
              <conditions>
                <condition number="0" type="jump" coverage="50%"/>
              </conditions>
            </line>
            <line number="263" hits="4" branch="false"/>
            <line number="264" hits="4" branch="false"/>
            <line number="265" hits="4" branch="true" condition-coverage="50% (1/2)">
              <conditions>
                <condition number="0" type="jump" coverage="50%"/>
              </conditions>
            </line>
            <line number="266" hits="4" branch="true" condition-coverage="21% (3/14)">
              <conditions>
                <condition number="0" type="jump" coverage="21%"/>
              </conditions>
            </line>
            <line number="267" hits="4" branch="true" condition-coverage="21% (3/14)">
              <conditions>
                <condition number="0" type="jump" coverage="21%"/>
              </conditions>
            </line>
            <line number="270" hits="4" branch="true" condition-coverage="50% (1/2)">
              <conditions>
                <condition number="0" type="jump" coverage="50%"/>
              </conditions>
            </line>
            <line number="271" hits="4" branch="false"/>
            <line number="272" hits="4" branch="false"/>
            <line number="273" hits="4" branch="false"/>
            <line number="274" hits="4" branch="false"/>
            <line number="275" hits="4" branch="false"/>
            <line number="276" hits="4" branch="false"/>
            <line number="277" hits="4" branch="true" condition-coverage="50% (1/2)">
              <conditions>
                <condition number="0" type="jump" coverage="50%"/>
              </conditions>
            </line>
            <line number="278" hits="4" branch="true" condition-coverage="21% (3/14)">
              <conditions>
                <condition number="0" type="jump" coverage="21%"/>
              </conditions>
            </line>
            <line number="279" hits="4" branch="true" condition-coverage="21% (3/14)">
              <conditions>
                <condition number="0" type="jump" coverage="21%"/>
              </conditions>
            </line>
            <line number="283" hits="8" branch="false"/>
            <line number="284" hits="10" branch="false"/>
            <line number="287" hits="2" branch="false"/>
            <line number="288" hits="2" branch="false"/>
            <line number="289" hits="2" branch="false"/>
            <line number="290" hits="2" branch="false"/>
            <line number="293" hits="2" branch="false"/>
            <line number="294" hits="2" branch="false"/>
            <line number="295" hits="2" branch="false"/>
            <line number="297" hits="2" branch="false"/>
            <line number="299" hits="2" branch="false"/>
            <line number="301" hits="2" branch="false"/>
            <line number="302" hits="2" branch="false"/>
            <line number="306" hits="2" branch="false"/>
            <line number="307" hits="2" branch="false"/>
            <line number="309" hits="2" branch="false"/>
            <line number="312" hits="2" branch="false"/>
            <line number="313" hits="2" branch="false"/>
            <line number="315" hits="2" branch="false"/>
            <line number="319" hits="2" branch="false"/>
            <line number="320" hits="6" branch="false"/>
            <line number="321" hits="6" branch="false"/>
            <line number="322" hits="4" branch="false"/>
            <line number="323" hits="4" branch="true" condition-coverage="50% (1/2)">
              <conditions>
                <condition number="0" type="jump" coverage="50%"/>
              </conditions>
            </line>
            <line number="324" hits="6" branch="false"/>
            <line number="325" hits="2" branch="false"/>
            <line number="326" hits="2" branch="false"/>
          </lines>
        </class>
        <class name="test_filter_cpp" filename="Tests/test_filter.cpp" line-rate="1.0" branch-rate="0.22413793103448276" complexity="0.0">
          <methods/>
          <lines>
            <line number="7" hits="8" branch="false"/>
            <line number="8" hits="2" branch="true" condition-coverage="50% (1/2)">
              <conditions>
                <condition number="0" type="jump" coverage="50%"/>
              </conditions>
            </line>
            <line number="9" hits="2" branch="false"/>
            <line number="11" hits="10" branch="false"/>
            <line number="12" hits="10" branch="false"/>
            <line number="13" hits="2" branch="true" condition-coverage="16% (2/12)">
              <conditions>
                <condition number="0" type="jump" coverage="16%"/>
              </conditions>
            </line>
            <line number="14" hits="2" branch="true" condition-coverage="16% (2/12)">
              <conditions>
                <condition number="0" type="jump" coverage="16%"/>
              </conditions>
            </line>
            <line number="17" hits="8" branch="false"/>
            <line number="18" hits="2" branch="true" condition-coverage="50% (1/2)">
              <conditions>
                <condition number="0" type="jump" coverage="50%"/>
              </conditions>
            </line>
            <line number="19" hits="10" branch="false"/>
            <line number="20" hits="10" branch="false"/>
            <line number="21" hits="4" branch="true" condition-coverage="50% (1/2)">
              <conditions>
                <condition number="0" type="jump" coverage="50%"/>
              </conditions>
            </line>
            <line number="22" hits="4" branch="true" condition-coverage="50% (1/2)">
              <conditions>
                <condition number="0" type="jump" coverage="50%"/>
              </conditions>
            </line>
            <line number="23" hits="2" branch="true" condition-coverage="16% (2/12)">
              <conditions>
                <condition number="0" type="jump" coverage="16%"/>
              </conditions>
            </line>
            <line number="24" hits="2" branch="true" condition-coverage="16% (2/12)">
              <conditions>
                <condition number="0" type="jump" coverage="16%"/>
              </conditions>
            </line>
            <line number="27" hits="4" branch="false"/>
            <line number="28" hits="3" branch="true" condition-coverage="50% (1/2)">
              <conditions>
                <condition number="0" type="jump" coverage="50%"/>
              </conditions>
            </line>
            <line number="29" hits="20" branch="false"/>
            <line number="30" hits="20" branch="false"/>
            <line number="33" hits="1" branch="false"/>
            <line number="34" hits="1" branch="false"/>
            <line number="35" hits="1" branch="false"/>
            <line number="40" hits="1" branch="false"/>
            <line number="41" hits="1" branch="false"/>
            <line number="45" hits="2" branch="false"/>
            <line number="46" hits="2" branch="false"/>
            <line number="51" hits="1" branch="false"/>
            <line number="52" hits="1" branch="false"/>
          </lines>
        </class>
        <class name="test_map_cpp" filename="Tests/test_map.cpp" line-rate="1.0" branch-rate="0.23333333333333334" complexity="0.0">
          <methods/>
          <lines>
            <line number="7" hits="8" branch="false"/>
            <line number="8" hits="2" branch="true" condition-coverage="50% (1/2)">
              <conditions>
                <condition number="0" type="jump" coverage="50%"/>
              </conditions>
            </line>
            <line number="9" hits="2" branch="false"/>
            <line number="11" hits="22" branch="true" condition-coverage="16% (2/12)">
              <conditions>
                <condition number="0" type="jump" coverage="16%"/>
              </conditions>
            </line>
            <line number="15" hits="8" branch="false"/>
            <line number="16" hits="2" branch="true" condition-coverage="50% (1/2)">
              <conditions>
                <condition number="0" type="jump" coverage="50%"/>
              </conditions>
            </line>
            <line number="17" hits="22" branch="false"/>
            <line number="19" hits="2" branch="true" condition-coverage="16% (2/12)">
              <conditions>
                <condition number="0" type="jump" coverage="16%"/>
              </conditions>
            </line>
            <line number="22" hits="4" branch="false"/>
            <line number="23" hits="3" branch="true" condition-coverage="50% (1/2)">
              <conditions>
                <condition number="0" type="jump" coverage="50%"/>
              </conditions>
            </line>
            <line number="25" hits="1" branch="false"/>
            <line number="26" hits="1" branch="false"/>
            <line number="27" hits="21" branch="false"/>
            <line number="28" hits="21" branch="false"/>
            <line number="33" hits="1" branch="false"/>
            <line number="34" hits="1" branch="false"/>
            <line number="38" hits="21" branch="false"/>
            <line number="39" hits="21" branch="false"/>
            <line number="43" hits="1" branch="false"/>
            <line number="44" hits="1" branch="false"/>
          </lines>
        </class>
        <class name="test_optional_cpp" filename="Tests/test_optional.cpp" line-rate="1.0" branch-rate="0.162426614481409" complexity="0.0">
          <methods/>
          <lines>
            <line number="37" hits="1" branch="false"/>
            <line number="42" hits="8" branch="false"/>
            <line number="43" hits="2" branch="false"/>
            <line number="50" hits="2" branch="false"/>
            <line number="52" hits="8" branch="false"/>
            <line number="58" hits="2" branch="false"/>
            <line number="59" hits="2" branch="false"/>
            <line number="60" hits="2" branch="true" condition-coverage="10% (1/10)">
              <conditions>
                <condition number="0" type="jump" coverage="10%"/>
              </conditions>
            </line>
            <line number="61" hits="2" branch="true" condition-coverage="10% (1/10)">
              <conditions>
                <condition number="0" type="jump" coverage="10%"/>
              </conditions>
            </line>
            <line number="62" hits="2" branch="true" condition-coverage="10% (1/10)">
              <conditions>
                <condition number="0" type="jump" coverage="10%"/>
              </conditions>
            </line>
            <line number="63" hits="2" branch="true" condition-coverage="10% (1/10)">
              <conditions>
                <condition number="0" type="jump" coverage="10%"/>
              </conditions>
            </line>
            <line number="71" hits="2" branch="false"/>
            <line number="72" hits="2" branch="false"/>
            <line number="73" hits="2" branch="true" condition-coverage="21% (3/14)">
              <conditions>
                <condition number="0" type="jump" coverage="21%"/>
              </conditions>
            </line>
            <line number="74" hits="2" branch="true" condition-coverage="21% (3/14)">
              <conditions>
                <condition number="0" type="jump" coverage="21%"/>
              </conditions>
            </line>
            <line number="75" hits="2" branch="true" condition-coverage="21% (3/14)">
              <conditions>
                <condition number="0" type="jump" coverage="21%"/>
              </conditions>
            </line>
            <line number="87" hits="2" branch="false"/>
            <line number="88" hits="2" branch="true" condition-coverage="10% (1/10)">
              <conditions>
                <condition number="0" type="jump" coverage="10%"/>
              </conditions>
            </line>
            <line number="95" hits="2" branch="false"/>
            <line number="96" hits="2" branch="false"/>
            <line number="97" hits="2" branch="true" condition-coverage="21% (3/14)">
              <conditions>
                <condition number="0" type="jump" coverage="21%"/>
              </conditions>
            </line>
            <line number="107" hits="2" branch="false"/>
            <line number="108" hits="2" branch="true" condition-coverage="10% (1/10)">
              <conditions>
                <condition number="0" type="jump" coverage="10%"/>
              </conditions>
            </line>
            <line number="114" hits="2" branch="false"/>
            <line number="115" hits="2" branch="true" condition-coverage="21% (3/14)">
              <conditions>
                <condition number="0" type="jump" coverage="21%"/>
              </conditions>
            </line>
            <line number="126" hits="8" branch="false"/>
            <line number="131" hits="1" branch="false"/>
            <line number="132" hits="1" branch="false"/>
            <line number="133" hits="1" branch="false"/>
            <line number="134" hits="1" branch="false"/>
            <line number="136" hits="2" branch="true" condition-coverage="10% (1/10)">
              <conditions>
                <condition number="0" type="jump" coverage="10%"/>
              </conditions>
            </line>
            <line number="211" hits="8" branch="false"/>
            <line number="212" hits="2" branch="false"/>
            <line number="213" hits="2" branch="false"/>
            <line number="219" hits="2" branch="true" condition-coverage="10% (1/10)">
              <conditions>
                <condition number="0" type="jump" coverage="10%"/>
              </conditions>
            </line>
            <line number="220" hits="2" branch="true" condition-coverage="10% (1/10)">
              <conditions>
                <condition number="0" type="jump" coverage="10%"/>
              </conditions>
            </line>
            <line number="221" hits="2" branch="true" condition-coverage="16% (2/12)">
              <conditions>
                <condition number="0" type="jump" coverage="16%"/>
              </conditions>
            </line>
            <line number="223" hits="2" branch="true" condition-coverage="10% (1/10)">
              <conditions>
                <condition number="0" type="jump" coverage="10%"/>
              </conditions>
            </line>
            <line number="224" hits="2" branch="true" condition-coverage="10% (1/10)">
              <conditions>
                <condition number="0" type="jump" coverage="10%"/>
              </conditions>
            </line>
            <line number="227" hits="8" branch="false"/>
            <line number="229" hits="1" branch="false"/>
            <line number="230" hits="1" branch="false"/>
            <line number="231" hits="1" branch="false"/>
            <line number="232" hits="1" branch="false"/>
            <line number="234" hits="2" branch="true" condition-coverage="10% (1/10)">
              <conditions>
                <condition number="0" type="jump" coverage="10%"/>
              </conditions>
            </line>
            <line number="243" hits="2" branch="false"/>
            <line number="244" hits="2" branch="true" condition-coverage="21% (3/14)">
              <conditions>
                <condition number="0" type="jump" coverage="21%"/>
              </conditions>
            </line>
            <line number="247" hits="1" branch="false"/>
            <line number="248" hits="1" branch="false"/>
            <line number="249" hits="1" branch="false"/>
            <line number="250" hits="1" branch="false"/>
            <line number="253" hits="2" branch="true" condition-coverage="10% (1/10)">
              <conditions>
                <condition number="0" type="jump" coverage="10%"/>
              </conditions>
            </line>
            <line number="262" hits="2" branch="false"/>
            <line number="263" hits="2" branch="true" condition-coverage="21% (3/14)">
              <conditions>
                <condition number="0" type="jump" coverage="21%"/>
              </conditions>
            </line>
            <line number="267" hits="2" branch="false"/>
            <line number="268" hits="2" branch="false"/>
            <line number="269" hits="2" branch="false"/>
            <line number="271" hits="2" branch="false"/>
            <line number="274" hits="2" branch="true" condition-coverage="10% (1/10)">
              <conditions>
                <condition number="0" type="jump" coverage="10%"/>
              </conditions>
            </line>
            <line number="275" hits="2" branch="true" condition-coverage="21% (3/14)">
              <conditions>
                <condition number="0" type="jump" coverage="21%"/>
              </conditions>
            </line>
            <line number="276" hits="2" branch="true" condition-coverage="10% (1/10)">
              <conditions>
                <condition number="0" type="jump" coverage="10%"/>
              </conditions>
            </line>
            <line number="278" hits="2" branch="true" condition-coverage="20% (2/10)">
              <conditions>
                <condition number="0" type="jump" coverage="20%"/>
              </conditions>
            </line>
            <line number="282" hits="8" branch="false"/>
            <line number="283" hits="2" branch="false"/>
            <line number="284" hits="2" branch="false"/>
            <line number="285" hits="2" branch="false"/>
            <line number="286" hits="2" branch="false"/>
            <line number="288" hits="2" branch="true" condition-coverage="10% (1/10)">
              <conditions>
                <condition number="0" type="jump" coverage="10%"/>
              </conditions>
            </line>
            <line number="289" hits="2" branch="true" condition-coverage="10% (1/10)">
              <conditions>
                <condition number="0" type="jump" coverage="10%"/>
              </conditions>
            </line>
            <line number="290" hits="2" branch="true" condition-coverage="10% (1/10)">
              <conditions>
                <condition number="0" type="jump" coverage="10%"/>
              </conditions>
            </line>
            <line number="291" hits="2" branch="true" condition-coverage="10% (1/10)">
              <conditions>
                <condition number="0" type="jump" coverage="10%"/>
              </conditions>
            </line>
            <line number="292" hits="2" branch="true" condition-coverage="10% (1/10)">
              <conditions>
                <condition number="0" type="jump" coverage="10%"/>
              </conditions>
            </line>
            <line number="293" hits="2" branch="true" condition-coverage="10% (1/10)">
              <conditions>
                <condition number="0" type="jump" coverage="10%"/>
              </conditions>
            </line>
            <line number="295" hits="2" branch="true" condition-coverage="10% (1/10)">
              <conditions>
                <condition number="0" type="jump" coverage="10%"/>
              </conditions>
            </line>
            <line number="296" hits="2" branch="true" condition-coverage="10% (1/10)">
              <conditions>
                <condition number="0" type="jump" coverage="10%"/>
              </conditions>
            </line>
            <line number="297" hits="2" branch="true" condition-coverage="10% (1/10)">
              <conditions>
                <condition number="0" type="jump" coverage="10%"/>
              </conditions>
            </line>
            <line number="298" hits="2" branch="true" condition-coverage="10% (1/10)">
              <conditions>
                <condition number="0" type="jump" coverage="10%"/>
              </conditions>
            </line>
            <line number="300" hits="2" branch="true" condition-coverage="10% (1/10)">
              <conditions>
                <condition number="0" type="jump" coverage="10%"/>
              </conditions>
            </line>
            <line number="301" hits="2" branch="true" condition-coverage="10% (1/10)">
              <conditions>
                <condition number="0" type="jump" coverage="10%"/>
              </conditions>
            </line>
            <line number="302" hits="2" branch="true" condition-coverage="10% (1/10)">
              <conditions>
                <condition number="0" type="jump" coverage="10%"/>
              </conditions>
            </line>
            <line number="303" hits="2" branch="true" condition-coverage="10% (1/10)">
              <conditions>
                <condition number="0" type="jump" coverage="10%"/>
              </conditions>
            </line>
            <line number="304" hits="2" branch="true" condition-coverage="10% (1/10)">
              <conditions>
                <condition number="0" type="jump" coverage="10%"/>
              </conditions>
            </line>
            <line number="305" hits="2" branch="true" condition-coverage="10% (1/10)">
              <conditions>
                <condition number="0" type="jump" coverage="10%"/>
              </conditions>
            </line>
            <line number="306" hits="2" branch="true" condition-coverage="10% (1/10)">
              <conditions>
                <condition number="0" type="jump" coverage="10%"/>
              </conditions>
            </line>
            <line number="308" hits="2" branch="true" condition-coverage="10% (1/10)">
              <conditions>
                <condition number="0" type="jump" coverage="10%"/>
              </conditions>
            </line>
            <line number="309" hits="2" branch="true" condition-coverage="10% (1/10)">
              <conditions>
                <condition number="0" type="jump" coverage="10%"/>
              </conditions>
            </line>
            <line number="310" hits="2" branch="true" condition-coverage="10% (1/10)">
              <conditions>
                <condition number="0" type="jump" coverage="10%"/>
              </conditions>
            </line>
            <line number="311" hits="2" branch="true" condition-coverage="10% (1/10)">
              <conditions>
                <condition number="0" type="jump" coverage="10%"/>
              </conditions>
            </line>
            <line number="314" hits="8" branch="false"/>
            <line number="320" hits="2" branch="true" condition-coverage="50% (1/2)">
              <conditions>
                <condition number="0" type="jump" coverage="50%"/>
              </conditions>
            </line>
            <line number="321" hits="2" branch="false"/>
            <line number="322" hits="2" branch="false"/>
            <line number="329" hits="2" branch="true" condition-coverage="50% (1/2)">
              <conditions>
                <condition number="0" type="jump" coverage="50%"/>
              </conditions>
            </line>
            <line number="330" hits="2" branch="false"/>
            <line number="331" hits="2" branch="true" condition-coverage="10% (1/10)">
              <conditions>
                <condition number="0" type="jump" coverage="10%"/>
              </conditions>
            </line>
            <line number="332" hits="2" branch="true" condition-coverage="25% (3/12)">
              <conditions>
                <condition number="0" type="jump" coverage="25%"/>
              </conditions>
            </line>
            <line number="333" hits="2" branch="true" condition-coverage="25% (3/12)">
              <conditions>
                <condition number="0" type="jump" coverage="25%"/>
              </conditions>
            </line>
            <line number="335" hits="2" branch="false"/>
            <line number="336" hits="2" branch="true" condition-coverage="20% (2/10)">
              <conditions>
                <condition number="0" type="jump" coverage="20%"/>
              </conditions>
            </line>
            <line number="337" hits="2" branch="true" condition-coverage="10% (1/10)">
              <conditions>
                <condition number="0" type="jump" coverage="10%"/>
              </conditions>
            </line>
            <line number="340" hits="2" branch="true" condition-coverage="50% (1/2)">
              <conditions>
                <condition number="0" type="jump" coverage="50%"/>
              </conditions>
            </line>
            <line number="341" hits="2" branch="false"/>
            <line number="343" hits="3" branch="false"/>
            <line number="344" hits="18" branch="true" condition-coverage="100% (2/2)">
              <conditions>
                <condition number="0" type="jump" coverage="100%"/>
              </conditions>
            </line>
            <line number="345" hits="15" branch="false"/>
            <line number="346" hits="3" branch="false"/>
            <line number="349" hits="3" branch="false"/>
            <line number="350" hits="18" branch="true" condition-coverage="100% (2/2)">
              <conditions>
                <condition number="0" type="jump" coverage="100%"/>
              </conditions>
            </line>
            <line number="351" hits="15" branch="false"/>
            <line number="352" hits="3" branch="false"/>
            <line number="354" hits="2" branch="true" condition-coverage="50% (1/2)">
              <conditions>
                <condition number="0" type="jump" coverage="50%"/>
              </conditions>
            </line>
            <line number="355" hits="2" branch="true" condition-coverage="50% (1/2)">
              <conditions>
                <condition number="0" type="jump" coverage="50%"/>
              </conditions>
            </line>
            <line number="357" hits="2" branch="true" condition-coverage="20% (2/10)">
              <conditions>
                <condition number="0" type="jump" coverage="20%"/>
              </conditions>
            </line>
            <line number="359" hits="2" branch="false"/>
            <line number="360" hits="2" branch="true" condition-coverage="50% (1/2)">
              <conditions>
                <condition number="0" type="jump" coverage="50%"/>
              </conditions>
            </line>
            <line number="362" hits="2" branch="true" condition-coverage="20% (2/10)">
              <conditions>
                <condition number="0" type="jump" coverage="20%"/>
              </conditions>
            </line>
            <line number="364" hits="4" branch="true" condition-coverage="25% (3/12)">
              <conditions>
                <condition number="0" type="jump" coverage="25%"/>
              </conditions>
            </line>
            <line number="365" hits="4" branch="true" condition-coverage="28% (4/14)">
              <conditions>
                <condition number="0" type="jump" coverage="28%"/>
              </conditions>
            </line>
            <line number="366" hits="4" branch="true" condition-coverage="25% (3/12)">
              <conditions>
                <condition number="0" type="jump" coverage="25%"/>
              </conditions>
            </line>
            <line number="367" hits="2" branch="true" condition-coverage="10% (1/10)">
              <conditions>
                <condition number="0" type="jump" coverage="10%"/>
              </conditions>
            </line>
            <line number="369" hits="2" branch="true" condition-coverage="10% (1/10)">
              <conditions>
                <condition number="0" type="jump" coverage="10%"/>
              </conditions>
            </line>
            <line number="371" hits="2" branch="true" condition-coverage="50% (1/2)">
              <conditions>
                <condition number="0" type="jump" coverage="50%"/>
              </conditions>
            </line>
            <line number="373" hits="2" branch="false"/>
            <line number="374" hits="2" branch="false"/>
            <line number="379" hits="2" branch="false"/>
            <line number="380" hits="2" branch="true" condition-coverage="20% (2/10)">
              <conditions>
                <condition number="0" type="jump" coverage="20%"/>
              </conditions>
            </line>
            <line number="384" hits="4" branch="true" condition-coverage="50% (1/2)">
              <conditions>
                <condition number="0" type="jump" coverage="50%"/>
              </conditions>
            </line>
            <line number="385" hits="4" branch="true" condition-coverage="50% (1/2)">
              <conditions>
                <condition number="0" type="jump" coverage="50%"/>
              </conditions>
            </line>
            <line number="386" hits="2" branch="false"/>
            <line number="387" hits="2" branch="false"/>
            <line number="388" hits="2" branch="true" condition-coverage="100% (2/2)">
              <conditions>
                <condition number="0" type="jump" coverage="100%"/>
              </conditions>
            </line>
            <line number="389" hits="1" branch="false"/>
            <line number="391" hits="1" branch="false"/>
            <line number="394" hits="2" branch="true" condition-coverage="50% (1/2)">
              <conditions>
                <condition number="0" type="jump" coverage="50%"/>
              </conditions>
            </line>
            <line number="395" hits="2" branch="true" condition-coverage="50% (1/2)">
              <conditions>
                <condition number="0" type="jump" coverage="50%"/>
              </conditions>
            </line>
            <line number="396" hits="2" branch="true" condition-coverage="50% (1/2)">
              <conditions>
                <condition number="0" type="jump" coverage="50%"/>
              </conditions>
            </line>
            <line number="398" hits="2" branch="true" condition-coverage="20% (2/10)">
              <conditions>
                <condition number="0" type="jump" coverage="20%"/>
              </conditions>
            </line>
            <line number="399" hits="2" branch="true" condition-coverage="10% (1/10)">
              <conditions>
                <condition number="0" type="jump" coverage="10%"/>
              </conditions>
            </line>
            <line number="400" hits="2" branch="true" condition-coverage="10% (1/10)">
              <conditions>
                <condition number="0" type="jump" coverage="10%"/>
              </conditions>
            </line>
            <line number="404" hits="8" branch="false"/>
            <line number="405" hits="2" branch="false"/>
            <line number="406" hits="2" branch="false"/>
            <line number="413" hits="2" branch="false"/>
            <line number="415" hits="8" branch="false"/>
            <line number="421" hits="2" branch="false"/>
            <line number="422" hits="2" branch="true" condition-coverage="10% (1/10)">
              <conditions>
                <condition number="0" type="jump" coverage="10%"/>
              </conditions>
            </line>
            <line number="423" hits="2" branch="true" condition-coverage="10% (1/10)">
              <conditions>
                <condition number="0" type="jump" coverage="10%"/>
              </conditions>
            </line>
            <line number="430" hits="2" branch="false"/>
            <line number="431" hits="2" branch="false"/>
            <line number="432" hits="2" branch="true" condition-coverage="20% (2/10)">
              <conditions>
                <condition number="0" type="jump" coverage="20%"/>
              </conditions>
            </line>
            <line number="433" hits="2" branch="true" condition-coverage="20% (2/10)">
              <conditions>
                <condition number="0" type="jump" coverage="20%"/>
              </conditions>
            </line>
            <line number="434" hits="2" branch="true" condition-coverage="20% (2/10)">
              <conditions>
                <condition number="0" type="jump" coverage="20%"/>
              </conditions>
            </line>
            <line number="435" hits="2" branch="true" condition-coverage="21% (3/14)">
              <conditions>
                <condition number="0" type="jump" coverage="21%"/>
              </conditions>
            </line>
            <line number="442" hits="2" branch="false"/>
            <line number="443" hits="2" branch="false"/>
            <line number="444" hits="2" branch="true" condition-coverage="20% (2/10)">
              <conditions>
                <condition number="0" type="jump" coverage="20%"/>
              </conditions>
            </line>
            <line number="445" hits="2" branch="true" condition-coverage="10% (1/10)">
              <conditions>
                <condition number="0" type="jump" coverage="10%"/>
              </conditions>
            </line>
            <line number="453" hits="2" branch="false"/>
            <line number="454" hits="2" branch="false"/>
            <line number="455" hits="2" branch="true" condition-coverage="20% (2/10)">
              <conditions>
                <condition number="0" type="jump" coverage="20%"/>
              </conditions>
            </line>
            <line number="456" hits="2" branch="true" condition-coverage="20% (2/10)">
              <conditions>
                <condition number="0" type="jump" coverage="20%"/>
              </conditions>
            </line>
            <line number="457" hits="2" branch="true" condition-coverage="21% (3/14)">
              <conditions>
                <condition number="0" type="jump" coverage="21%"/>
              </conditions>
            </line>
            <line number="468" hits="2" branch="false"/>
            <line number="469" hits="2" branch="true" condition-coverage="20% (2/10)">
              <conditions>
                <condition number="0" type="jump" coverage="20%"/>
              </conditions>
            </line>
            <line number="470" hits="2" branch="true" condition-coverage="10% (1/10)">
              <conditions>
                <condition number="0" type="jump" coverage="10%"/>
              </conditions>
            </line>
            <line number="474" hits="8" branch="false"/>
            <line number="475" hits="2" branch="false"/>
            <line number="476" hits="2" branch="false"/>
            <line number="483" hits="2" branch="false"/>
            <line number="484" hits="2" branch="false"/>
            <line number="485" hits="2" branch="false"/>
            <line number="487" hits="2" branch="true" condition-coverage="25% (3/12)">
              <conditions>
                <condition number="0" type="jump" coverage="25%"/>
              </conditions>
            </line>
            <line number="489" hits="2" branch="false"/>
            <line number="490" hits="2" branch="true" condition-coverage="25% (3/12)">
              <conditions>
                <condition number="0" type="jump" coverage="25%"/>
              </conditions>
            </line>
            <line number="491" hits="2" branch="true" condition-coverage="20% (2/10)">
              <conditions>
                <condition number="0" type="jump" coverage="20%"/>
              </conditions>
            </line>
            <line number="493" hits="2" branch="false"/>
            <line number="494" hits="2" branch="true" condition-coverage="10% (1/10)">
              <conditions>
                <condition number="0" type="jump" coverage="10%"/>
              </conditions>
            </line>
            <line number="495" hits="2" branch="true" condition-coverage="20% (2/10)">
              <conditions>
                <condition number="0" type="jump" coverage="20%"/>
              </conditions>
            </line>
            <line number="496" hits="2" branch="true" condition-coverage="20% (2/10)">
              <conditions>
                <condition number="0" type="jump" coverage="20%"/>
              </conditions>
            </line>
            <line number="499" hits="8" branch="false"/>
            <line number="500" hits="2" branch="false"/>
            <line number="501" hits="2" branch="false"/>
            <line number="502" hits="2" branch="false"/>
            <line number="503" hits="2" branch="false"/>
            <line number="504" hits="2" branch="false"/>
            <line number="505" hits="2" branch="true" condition-coverage="20% (2/10)">
              <conditions>
                <condition number="0" type="jump" coverage="20%"/>
              </conditions>
            </line>
            <line number="507" hits="2" branch="false"/>
            <line number="508" hits="2" branch="false"/>
            <line number="509" hits="2" branch="true" condition-coverage="10% (1/10)">
              <conditions>
                <condition number="0" type="jump" coverage="10%"/>
              </conditions>
            </line>
            <line number="510" hits="2" branch="true" condition-coverage="10% (1/10)">
              <conditions>
                <condition number="0" type="jump" coverage="10%"/>
              </conditions>
            </line>
            <line number="512" hits="2" branch="false"/>
            <line number="513" hits="2" branch="false"/>
            <line number="514" hits="2" branch="false"/>
            <line number="516" hits="2" branch="false"/>
            <line number="521" hits="2" branch="true" condition-coverage="10% (1/10)">
              <conditions>
                <condition number="0" type="jump" coverage="10%"/>
              </conditions>
            </line>
            <line number="522" hits="2" branch="true" condition-coverage="10% (1/10)">
              <conditions>
                <condition number="0" type="jump" coverage="10%"/>
              </conditions>
            </line>
            <line number="524" hits="2" branch="true" condition-coverage="21% (3/14)">
              <conditions>
                <condition number="0" type="jump" coverage="21%"/>
              </conditions>
            </line>
            <line number="525" hits="2" branch="true" condition-coverage="10% (1/10)">
              <conditions>
                <condition number="0" type="jump" coverage="10%"/>
              </conditions>
            </line>
            <line number="528" hits="8" branch="false"/>
            <line number="534" hits="2" branch="false"/>
            <line number="535" hits="2" branch="false"/>
            <line number="536" hits="2" branch="true" condition-coverage="10% (1/10)">
              <conditions>
                <condition number="0" type="jump" coverage="10%"/>
              </conditions>
            </line>
            <line number="543" hits="2" branch="false"/>
            <line number="544" hits="2" branch="false"/>
            <line number="545" hits="2" branch="false"/>
            <line number="546" hits="2" branch="true" condition-coverage="10% (1/10)">
              <conditions>
                <condition number="0" type="jump" coverage="10%"/>
              </conditions>
            </line>
            <line number="553" hits="2" branch="false"/>
            <line number="554" hits="2" branch="false"/>
            <line number="555" hits="2" branch="false"/>
            <line number="556" hits="2" branch="true" condition-coverage="10% (1/10)">
              <conditions>
                <condition number="0" type="jump" coverage="10%"/>
              </conditions>
            </line>
            <line number="564" hits="2" branch="false"/>
            <line number="565" hits="2" branch="false"/>
            <line number="566" hits="2" branch="true" condition-coverage="10% (1/10)">
              <conditions>
                <condition number="0" type="jump" coverage="10%"/>
              </conditions>
            </line>
            <line number="574" hits="2" branch="false"/>
            <line number="575" hits="2" branch="false"/>
            <line number="576" hits="2" branch="true" condition-coverage="10% (1/10)">
              <conditions>
                <condition number="0" type="jump" coverage="10%"/>
              </conditions>
            </line>
            <line number="580" hits="4" branch="false"/>
            <line number="581" hits="1" branch="false"/>
            <line number="582" hits="1" branch="false"/>
            <line number="584" hits="1" branch="false"/>
            <line number="585" hits="1" branch="false"/>
            <line number="586" hits="1" branch="false"/>
            <line number="587" hits="1" branch="false"/>
            <line number="589" hits="1" branch="false"/>
            <line number="590" hits="1" branch="false"/>
            <line number="592" hits="1" branch="false"/>
            <line number="593" hits="1" branch="false"/>
            <line number="594" hits="1" branch="false"/>
            <line number="595" hits="1" branch="false"/>
            <line number="596" hits="1" branch="false"/>
            <line number="598" hits="1" branch="false"/>
            <line number="599" hits="1" branch="false"/>
            <line number="600" hits="1" branch="false"/>
          </lines>
        </class>
        <class name="test_zip_cpp" filename="Tests/test_zip.cpp" line-rate="0.0" branch-rate="0.0" complexity="0.0">
          <methods/>
          <lines>
            <line number="8" hits="0" branch="false"/>
            <line number="9" hits="0" branch="true" condition-coverage="0% (0/2)">
              <conditions>
                <condition number="0" type="jump" coverage="0%"/>
              </conditions>
            </line>
            <line number="10" hits="0" branch="true" condition-coverage="0% (0/2)">
              <conditions>
                <condition number="0" type="jump" coverage="0%"/>
              </conditions>
            </line>
            <line number="11" hits="0" branch="true" condition-coverage="0% (0/2)">
              <conditions>
                <condition number="0" type="jump" coverage="0%"/>
              </conditions>
            </line>
            <line number="15" hits="0" branch="false"/>
            <line number="18" hits="0" branch="false"/>
            <line number="20" hits="0" branch="true" condition-coverage="0% (0/4)">
              <conditions>
                <condition number="0" type="jump" coverage="0%"/>
              </conditions>
            </line>
            <line number="21" hits="0" branch="false"/>
            <line number="24" hits="0" branch="true" condition-coverage="0% (0/10)">
              <conditions>
                <condition number="0" type="jump" coverage="0%"/>
              </conditions>
            </line>
            <line number="26" hits="0" branch="true" condition-coverage="0% (0/2)">
              <conditions>
                <condition number="0" type="jump" coverage="0%"/>
              </conditions>
            </line>
            <line number="27" hits="0" branch="false"/>
            <line number="30" hits="0" branch="true" condition-coverage="0% (0/10)">
              <conditions>
                <condition number="0" type="jump" coverage="0%"/>
              </conditions>
            </line>
            <line number="31" hits="0" branch="true" condition-coverage="0% (0/10)">
              <conditions>
                <condition number="0" type="jump" coverage="0%"/>
              </conditions>
            </line>
            <line number="32" hits="0" branch="true" condition-coverage="0% (0/10)">
              <conditions>
                <condition number="0" type="jump" coverage="0%"/>
              </conditions>
            </line>
            <line number="33" hits="0" branch="true" condition-coverage="0% (0/10)">
              <conditions>
                <condition number="0" type="jump" coverage="0%"/>
              </conditions>
            </line>
            <line number="36" hits="0" branch="false"/>
            <line number="37" hits="0" branch="true" condition-coverage="0% (0/2)">
              <conditions>
                <condition number="0" type="jump" coverage="0%"/>
              </conditions>
            </line>
            <line number="39" hits="0" branch="false"/>
            <line number="40" hits="0" branch="true" condition-coverage="0% (0/4)">
              <conditions>
                <condition number="0" type="jump" coverage="0%"/>
              </conditions>
            </line>
            <line number="41" hits="0" branch="false"/>
            <line number="44" hits="0" branch="true" condition-coverage="0% (0/10)">
              <conditions>
                <condition number="0" type="jump" coverage="0%"/>
              </conditions>
            </line>
            <line number="46" hits="0" branch="true" condition-coverage="0% (0/14)">
              <conditions>
                <condition number="0" type="jump" coverage="0%"/>
              </conditions>
            </line>
            <line number="50" hits="0" branch="false"/>
            <line number="52" hits="0" branch="false"/>
            <line number="57" hits="0" branch="true" condition-coverage="0% (0/2)">
              <conditions>
                <condition number="0" type="jump" coverage="0%"/>
              </conditions>
            </line>
            <line number="66" hits="0" branch="false"/>
            <line number="67" hits="0" branch="false"/>
            <line number="68" hits="0" branch="true" condition-coverage="0% (0/2)">
              <conditions>
                <condition number="0" type="jump" coverage="0%"/>
              </conditions>
            </line>
            <line number="69" hits="0" branch="true" condition-coverage="0% (0/2)">
              <conditions>
                <condition number="0" type="jump" coverage="0%"/>
              </conditions>
            </line>
            <line number="70" hits="0" branch="true" condition-coverage="0% (0/2)">
              <conditions>
                <condition number="0" type="jump" coverage="0%"/>
              </conditions>
            </line>
            <line number="71" hits="0" branch="false"/>
            <line number="74" hits="0" branch="false"/>
            <line number="75" hits="0" branch="false"/>
            <line number="76" hits="0" branch="true" condition-coverage="0% (0/4)">
              <conditions>
                <condition number="0" type="jump" coverage="0%"/>
              </conditions>
            </line>
            <line number="77" hits="0" branch="true" condition-coverage="0% (0/2)">
              <conditions>
                <condition number="0" type="jump" coverage="0%"/>
              </conditions>
            </line>
            <line number="79" hits="0" branch="false"/>
            <line number="82" hits="0" branch="true" condition-coverage="0% (0/16)">
              <conditions>
                <condition number="0" type="jump" coverage="0%"/>
              </conditions>
            </line>
            <line number="85" hits="0" branch="false"/>
            <line number="87" hits="0" branch="true" condition-coverage="0% (0/6)">
              <conditions>
                <condition number="0" type="jump" coverage="0%"/>
              </conditions>
            </line>
            <line number="89" hits="0" branch="false"/>
            <line number="91" hits="0" branch="true" condition-coverage="0% (0/16)">
              <conditions>
                <condition number="0" type="jump" coverage="0%"/>
              </conditions>
            </line>
            <line number="92" hits="0" branch="true" condition-coverage="0% (0/16)">
              <conditions>
                <condition number="0" type="jump" coverage="0%"/>
              </conditions>
            </line>
            <line number="95" hits="0" branch="false"/>
            <line number="97" hits="0" branch="true" condition-coverage="0% (0/12)">
              <conditions>
                <condition number="0" type="jump" coverage="0%"/>
              </conditions>
            </line>
            <line number="98" hits="0" branch="true" condition-coverage="0% (0/8)">
              <conditions>
                <condition number="0" type="jump" coverage="0%"/>
              </conditions>
            </line>
            <line number="99" hits="0" branch="true" condition-coverage="0% (0/10)">
              <conditions>
                <condition number="0" type="jump" coverage="0%"/>
              </conditions>
            </line>
            <line number="100" hits="0" branch="true" condition-coverage="0% (0/24)">
              <conditions>
                <condition number="0" type="jump" coverage="0%"/>
              </conditions>
            </line>
            <line number="104" hits="0" branch="false"/>
            <line number="106" hits="0" branch="false"/>
            <line number="107" hits="0" branch="false"/>
            <line number="109" hits="0" branch="false"/>
            <line number="111" hits="0" branch="false"/>
            <line number="112" hits="0" branch="false"/>
            <line number="113" hits="0" branch="false"/>
          </lines>
        </class>
      </classes>
    </package>
    <package name="build._deps.googletest-src.googletest.include.gtest" line-rate="0.13559322033898305" branch-rate="0.06896551724137931" complexity="0.0">
      <classes>
[...]
              </conditions>
            </line>
            <line number="43" hits="2" branch="false"/>
            <line number="44" hits="2" branch="false"/>
            <line number="60" hits="12" branch="false"/>
            <line number="62" hits="18" branch="false"/>
            <line number="63" hits="14" branch="false"/>
            <line number="75" hits="20" branch="false"/>
            <line number="77" hits="32" branch="false"/>
            <line number="79" hits="4" branch="false"/>
            <line number="81" hits="2" branch="false"/>
            <line number="86" hits="32" branch="false"/>
            <line number="87" hits="2" branch="false"/>
            <line number="94" hits="63" branch="false"/>
            <line number="95" hits="63" branch="false"/>
            <line number="99" hits="21" branch="false"/>
            <line number="100" hits="21" branch="false"/>
            <line number="104" hits="2" branch="false"/>
            <line number="105" hits="2" branch="false"/>
            <line number="109" hits="6" branch="false"/>
            <line number="110" hits="6" branch="false"/>
            <line number="114" hits="4" branch="false"/>
            <line number="115" hits="4" branch="false"/>
          </lines>
        </class>
        <class name="map_h" filename="src/fc/map.h" line-rate="1.0" branch-rate="0.0" complexity="0.0">
          <methods/>
          <lines>
            <line number="9" hits="24" branch="false"/>
            <line number="11" hits="120" branch="false"/>
            <line number="12" hits="120" branch="false"/>
            <line number="13" hits="120" branch="false"/>
            <line number="16" hits="120" branch="false"/>
            <line number="20" hits="120" branch="false"/>
            <line number="24" hits="136" branch="false"/>
            <line number="43" hits="12" branch="false"/>
            <line number="45" hits="12" branch="false"/>
            <line number="46" hits="6" branch="false"/>
          </lines>
        </class>
        <class name="optional_h" filename="src/fc/optional.h" line-rate="0.9517241379310345" branch-rate="0.6052631578947368" complexity="0.0">
          <methods/>
          <lines>
            <line number="18" hits="0" branch="false"/>
            <line number="52" hits="8" branch="false"/>
            <line number="53" hits="8" branch="true" condition-coverage="100% (2/2)">
              <conditions>
                <condition number="0" type="jump" coverage="100%"/>
              </conditions>
            </line>
            <line number="54" hits="4" branch="false"/>
            <line number="55" hits="4" branch="false"/>
            <line number="60" hits="2" branch="false"/>
            <line number="61" hits="2" branch="true" condition-coverage="100% (2/2)">
              <conditions>
                <condition number="0" type="jump" coverage="100%"/>
              </conditions>
            </line>
            <line number="62" hits="1" branch="false"/>
            <line number="63" hits="1" branch="false"/>
            <line number="66" hits="6" branch="false"/>
            <line number="67" hits="6" branch="true" condition-coverage="50% (1/2)">
              <conditions>
                <condition number="0" type="jump" coverage="50%"/>
              </conditions>
            </line>
            <line number="68" hits="6" branch="false"/>
            <line number="69" hits="0" branch="false"/>
            <line number="103" hits="18" branch="false"/>
            <line number="106" hits="17" branch="false"/>
            <line number="121" hits="14" branch="false"/>
            <line number="124" hits="26" branch="true" condition-coverage="50% (1/2)">
              <conditions>
                <condition number="0" type="jump" coverage="50%"/>
              </conditions>
            </line>
            <line number="127" hits="40" branch="false"/>
            <line number="128" hits="40" branch="true" condition-coverage="100% (2/2)">
              <conditions>
                <condition number="0" type="jump" coverage="100%"/>
              </conditions>
            </line>
            <line number="129" hits="28" branch="false"/>
            <line number="130" hits="40" branch="false"/>
            <line number="135" hits="4" branch="false"/>
            <line number="136" hits="4" branch="true" condition-coverage="50% (1/2)">
              <conditions>
                <condition number="0" type="jump" coverage="50%"/>
              </conditions>
            </line>
            <line number="137" hits="4" branch="false"/>
            <line number="138" hits="4" branch="false"/>
            <line number="139" hits="4" branch="false"/>
            <line number="143" hits="10" branch="false"/>
            <line number="144" hits="10" branch="true" condition-coverage="100% (2/2)">
              <conditions>
                <condition number="0" type="jump" coverage="100%"/>
              </conditions>
            </line>
            <line number="145" hits="8" branch="false"/>
            <line number="147" hits="2" branch="false"/>
            <line number="151" hits="1" branch="false"/>
            <line number="152" hits="1" branch="true" condition-coverage="50% (1/2)">
              <conditions>
                <condition number="0" type="jump" coverage="50%"/>
              </conditions>
            </line>
            <line number="153" hits="1" branch="false"/>
            <line number="155" hits="0" branch="false"/>
            <line number="159" hits="4" branch="false"/>
            <line number="160" hits="4" branch="true" condition-coverage="50% (1/2)">
              <conditions>
                <condition number="0" type="jump" coverage="50%"/>
              </conditions>
            </line>
            <line number="161" hits="4" branch="true" condition-coverage="50% (1/2)">
              <conditions>
                <condition number="0" type="jump" coverage="50%"/>
              </conditions>
            </line>
            <line number="163" hits="0" branch="false"/>
            <line number="175" hits="3" branch="false"/>
            <line number="176" hits="3" branch="true" condition-coverage="100% (2/2)">
              <conditions>
                <condition number="0" type="jump" coverage="100%"/>
              </conditions>
            </line>
            <line number="177" hits="2" branch="false"/>
            <line number="179" hits="1" branch="false"/>
            <line number="223" hits="26" branch="false"/>
            <line number="224" hits="4" branch="false"/>
            <line number="245" hits="4" branch="false"/>
            <line number="247" hits="4" branch="false"/>
            <line number="248" hits="4" branch="true" condition-coverage="50% (1/2)">
              <conditions>
                <condition number="0" type="jump" coverage="50%"/>
              </conditions>
            </line>
            <line number="249" hits="4" branch="false"/>
            <line number="250" hits="4" branch="false"/>
            <line number="254" hits="1" branch="false"/>
            <line number="257" hits="1" branch="false"/>
            <line number="258" hits="1" branch="true" condition-coverage="50% (1/2)">
              <conditions>
                <condition number="0" type="jump" coverage="50%"/>
              </conditions>
            </line>
            <line number="259" hits="1" branch="false"/>
            <line number="260" hits="1" branch="false"/>
            <line number="273" hits="3" branch="false"/>
            <line number="277" hits="3" branch="false"/>
            <line number="288" hits="44" branch="false"/>
            <line number="292" hits="44" branch="false"/>
            <line number="295" hits="1" branch="false"/>
            <line number="296" hits="1" branch="false"/>
            <line number="297" hits="1" branch="false"/>
            <line number="323" hits="1" branch="false"/>
            <line number="326" hits="1" branch="true" condition-coverage="33% (2/6)">
              <conditions>
                <condition number="0" type="jump" coverage="33%"/>
              </conditions>
            </line>
            <line number="327" hits="0" branch="false"/>
            <line number="328" hits="1" branch="true" condition-coverage="50% (1/2)">
              <conditions>
                <condition number="0" type="jump" coverage="50%"/>
              </conditions>
            </line>
            <line number="329" hits="1" branch="false"/>
            <line number="331" hits="0" branch="false"/>
            <line number="333" hits="1" branch="false"/>
            <line number="381" hits="20" branch="false"/>
            <line number="382" hits="20" branch="true" condition-coverage="50% (1/2)">
              <conditions>
                <condition number="0" type="jump" coverage="50%"/>
              </conditions>
            </line>
            <line number="383" hits="20" branch="false"/>
            <line number="390" hits="50" branch="false"/>
            <line number="391" hits="50" branch="true" condition-coverage="50% (1/2)">
              <conditions>
                <condition number="0" type="jump" coverage="50%"/>
              </conditions>
            </line>
            <line number="392" hits="50" branch="false"/>
            <line number="394" hits="35" branch="false"/>
            <line number="395" hits="70" branch="true" condition-coverage="50% (1/2)">
              <conditions>
                <condition number="0" type="jump" coverage="50%"/>
              </conditions>
            </line>
            <line number="396" hits="70" branch="false"/>
            <line number="399" hits="8" branch="false"/>
            <line number="400" hits="8" branch="true" condition-coverage="50% (1/2)">
              <conditions>
                <condition number="0" type="jump" coverage="50%"/>
              </conditions>
            </line>
            <line number="401" hits="8" branch="false"/>
            <line number="409" hits="6" branch="false"/>
            <line number="410" hits="162" branch="false"/>
            <line number="427" hits="10" branch="false"/>
            <line number="428" hits="10" branch="true" condition-coverage="50% (1/2)">
              <conditions>
                <condition number="0" type="jump" coverage="50%"/>
              </conditions>
            </line>
            <line number="429" hits="6" branch="false"/>
            <line number="430" hits="10" branch="false"/>
            <line number="432" hits="10" branch="false"/>
            <line number="443" hits="1" branch="false"/>
            <line number="445" hits="1" branch="false"/>
            <line number="446" hits="1" branch="false"/>
            <line number="447" hits="1" branch="false"/>
            <line number="452" hits="10" branch="false"/>
            <line number="453" hits="10" branch="false"/>
            <line number="454" hits="10" branch="false"/>
            <line number="455" hits="10" branch="false"/>
            <line number="469" hits="16" branch="false"/>
            <line number="470" hits="26" branch="false"/>
            <line number="476" hits="1" branch="false"/>
            <line number="478" hits="1" branch="false"/>
            <line number="481" hits="94" branch="false"/>
            <line number="483" hits="94" branch="false"/>
            <line number="486" hits="4" branch="false"/>
            <line number="487" hits="4" branch="false"/>
            <line number="488" hits="4" branch="false"/>
            <line number="494" hits="8" branch="false"/>
            <line number="496" hits="8" branch="false"/>
            <line number="497" hits="8" branch="false"/>
            <line number="516" hits="94" branch="false"/>
            <line number="517" hits="94" branch="true" condition-coverage="50% (1/2)">
              <conditions>
                <condition number="0" type="jump" coverage="50%"/>
              </conditions>
            </line>
            <line number="518" hits="94" branch="false"/>
            <line number="521" hits="6" branch="false"/>
            <line number="522" hits="6" branch="true" condition-coverage="50% (1/2)">
              <conditions>
                <condition number="0" type="jump" coverage="50%"/>
              </conditions>
            </line>
            <line number="523" hits="6" branch="false"/>
            <line number="526" hits="104" branch="false"/>
            <line number="527" hits="104" branch="true" condition-coverage="50% (1/2)">
              <conditions>
                <condition number="0" type="jump" coverage="50%"/>
              </conditions>
            </line>
            <line number="528" hits="104" branch="false"/>
            <line number="536" hits="6" branch="false"/>
            <line number="537" hits="1" branch="false"/>
            <line number="538" hits="120" branch="false"/>
            <line number="540" hits="1" branch="false"/>
            <line number="542" hits="1" branch="false"/>
            <line number="543" hits="1" branch="false"/>
            <line number="550" hits="8" branch="false"/>
            <line number="551" hits="8" branch="false"/>
            <line number="555" hits="4" branch="false"/>
            <line number="556" hits="4" branch="true" condition-coverage="50% (1/2)">
              <conditions>
                <condition number="0" type="jump" coverage="50%"/>
              </conditions>
            </line>
            <line number="560" hits="46" branch="false"/>
            <line number="561" hits="46" branch="true" condition-coverage="100% (2/2)">
              <conditions>
                <condition number="0" type="jump" coverage="100%"/>
              </conditions>
            </line>
            <line number="565" hits="7" branch="false"/>
            <line number="566" hits="7" branch="true" condition-coverage="100% (2/2)">
              <conditions>
                <condition number="0" type="jump" coverage="100%"/>
              </conditions>
            </line>
            <line number="570" hits="16" branch="false"/>
            <line number="571" hits="16" branch="true" condition-coverage="60% (6/10)">
              <conditions>
                <condition number="0" type="jump" coverage="60%"/>
              </conditions>
            </line>
            <line number="575" hits="3" branch="false"/>
            <line number="576" hits="3" branch="true" condition-coverage="62% (5/8)">
              <conditions>
                <condition number="0" type="jump" coverage="62%"/>
              </conditions>
            </line>
            <line number="580" hits="1" branch="false"/>
            <line number="583" hits="1" branch="false"/>
            <line number="584" hits="1" branch="false"/>
            <line number="587" hits="6" branch="false"/>
            <line number="588" hits="6" branch="false"/>
            <line number="592" hits="6" branch="false"/>
            <line number="593" hits="6" branch="false"/>
            <line number="613" hits="1" branch="false"/>
            <line number="614" hits="1" branch="true" condition-coverage="50% (1/2)">
              <conditions>
                <condition number="0" type="jump" coverage="50%"/>
              </conditions>
            </line>
            <line number="615" hits="1" branch="false"/>
            <line number="617" hits="0" branch="false"/>
          </lines>
        </class>
        <class name="utils_h" filename="src/fc/utils.h" line-rate="1.0" branch-rate="0.5" complexity="0.0">
          <methods/>
          <lines>
            <line number="34" hits="474" branch="false"/>
            <line number="35" hits="268" branch="false"/>
            <line number="56" hits="236" branch="false"/>
            <line number="58" hits="224" branch="false"/>
            <line number="60" hits="60" branch="false"/>
            <line number="61" hits="60" branch="true" condition-coverage="50% (6/12)">
              <conditions>
                <condition number="0" type="jump" coverage="50%"/>
              </conditions>
            </line>
            <line number="62" hits="12" branch="false"/>
            <line number="68" hits="16" branch="false"/>
            <line number="70" hits="16" branch="false"/>
            <line number="76" hits="16" branch="false"/>
            <line number="79" hits="16" branch="false"/>
            <line number="80" hits="16" branch="false"/>
            <line number="88" hits="88" branch="false"/>
            <line number="89" hits="228" branch="false"/>
            <line number="91" hits="8" branch="false"/>
            <line number="93" hits="204" branch="false"/>
            <line number="95" hits="88" branch="false"/>
            <line number="115" hits="580" branch="false"/>
            <line number="116" hits="580" branch="false"/>
            <line number="120" hits="446" branch="false"/>
            <line number="121" hits="446" branch="false"/>
            <line number="125" hits="2" branch="false"/>
            <line number="126" hits="2" branch="false"/>
            <line number="130" hits="2" branch="false"/>
            <line number="131" hits="2" branch="false"/>
          </lines>
        </class>
        <class name="zip_h" filename="src/fc/zip.h" line-rate="0.0" branch-rate="0.0" complexity="0.0">
          <methods/>
          <lines>
            <line number="17" hits="0" branch="false"/>
            <line number="19" hits="0" branch="false"/>
            <line number="21" hits="0" branch="false"/>
            <line number="22" hits="0" branch="false"/>
            <line number="23" hits="0" branch="false"/>
            <line number="26" hits="0" branch="false"/>
            <line number="27" hits="0" branch="false"/>
            <line number="28" hits="0" branch="false"/>
            <line number="29" hits="0" branch="false"/>
            <line number="30" hits="0" branch="false"/>
            <line number="31" hits="0" branch="true" condition-coverage="0% (0/28)">
              <conditions>
                <condition number="0" type="jump" coverage="0%"/>
              </conditions>
            </line>
            <line number="33" hits="0" branch="true" condition-coverage="0% (0/14)">
              <conditions>
                <condition number="0" type="jump" coverage="0%"/>
              </conditions>
            </line>
            <line number="35" hits="0" branch="false"/>
            <line number="47" hits="0" branch="false"/>
            <line number="49" hits="0" branch="false"/>
            <line number="51" hits="0" branch="false"/>
            <line number="52" hits="0" branch="false"/>
            <line number="54" hits="0" branch="false"/>
            <line number="57" hits="0" branch="false"/>
            <line number="59" hits="0" branch="false"/>
            <line number="60" hits="0" branch="false"/>
            <line number="62" hits="0" branch="false"/>
            <line number="71" hits="0" branch="false"/>
            <line number="73" hits="0" branch="false"/>
            <line number="74" hits="0" branch="true" condition-coverage="0% (0/2)">
              <conditions>
                <condition number="0" type="jump" coverage="0%"/>
              </conditions>
            </line>
            <line number="76" hits="0" branch="false"/>
            <line number="80" hits="0" branch="false"/>
            <line number="82" hits="0" branch="false"/>
            <line number="83" hits="0" branch="false"/>
            <line number="87" hits="0" branch="false"/>
            <line number="90" hits="0" branch="false"/>
            <line number="91" hits="0" branch="false"/>
            <line number="95" hits="0" branch="false"/>
            <line number="96" hits="0" branch="false"/>
          </lines>
        </class>
      </classes>
    </package>
  </packages>
</coverage>
